[0m14:47:53.110552 [debug] [MainThread]: Sending event: {'category': 'dbt', 'action': 'invocation', 'label': 'start', 'context': [<snowplow_tracker.self_describing_json.SelfDescribingJson object at 0x000002AB0480DA50>, <snowplow_tracker.self_describing_json.SelfDescribingJson object at 0x000002AB0487E810>, <snowplow_tracker.self_describing_json.SelfDescribingJson object at 0x000002AB0447C350>]}


============================== 14:47:53.125880 | 5fcfe671-c8c9-4b8c-9032-611372862bdc ==============================
[0m14:47:53.125880 [info ] [MainThread]: Running with dbt=1.10.1
[0m14:47:53.127931 [debug] [MainThread]: running dbt with arguments {'printer_width': '80', 'indirect_selection': 'eager', 'log_cache_events': 'False', 'write_json': 'True', 'partial_parse': 'True', 'cache_selected_only': 'False', 'profiles_dir': 'C:\\Users\\Jesse Vanhaeren\\.dbt', 'debug': 'False', 'version_check': 'True', 'log_path': 'logs', 'warn_error': 'None', 'fail_fast': 'False', 'use_colors': 'True', 'use_experimental_parser': 'False', 'empty': 'None', 'quiet': 'False', 'no_print': 'None', 'log_format': 'default', 'introspect': 'True', 'invocation_command': 'dbt debug', 'static_parser': 'True', 'target_path': 'None', 'warn_error_options': 'WarnErrorOptionsV2(error=[], warn=[], silence=[])', 'send_anonymous_usage_stats': 'True'}
[0m14:47:53.261232 [info ] [MainThread]: dbt version: 1.10.1
[0m14:47:53.262345 [info ] [MainThread]: python version: 3.11.13
[0m14:47:53.262742 [info ] [MainThread]: python path: C:\Users\Jesse Vanhaeren\miniconda3\envs\dbt-idewe\python.exe
[0m14:47:53.264722 [info ] [MainThread]: os info: Windows-10-10.0.19045-SP0
[0m14:47:58.252558 [info ] [MainThread]: Using profiles dir at C:\Users\Jesse Vanhaeren\.dbt
[0m14:47:58.254077 [info ] [MainThread]: Using profiles.yml file at C:\Users\Jesse Vanhaeren\.dbt\profiles.yml
[0m14:47:58.255217 [info ] [MainThread]: Using dbt_project.yml file at C:\Users\Jesse Vanhaeren\OneDrive - Datashift\Documents\Projects\IDEWE\dbt-idewe\dbt_project.yml
[0m14:47:58.256219 [info ] [MainThread]: adapter type: sqlserver
[0m14:47:58.257220 [info ] [MainThread]: adapter version: 1.9.0
[0m14:47:58.258217 [info ] [MainThread]: Configuration:
[0m14:47:58.259218 [info ] [MainThread]:   profiles.yml file [[32mOK found and valid[0m]
[0m14:47:58.261526 [info ] [MainThread]:   dbt_project.yml file [[31mERROR not found[0m]
[0m14:47:58.262333 [info ] [MainThread]: Required dependencies:
[0m14:47:58.263892 [debug] [MainThread]: Executing "git --help"
[0m14:47:58.330912 [debug] [MainThread]: STDOUT: "b"usage: git [-v | --version] [-h | --help] [-C <path>] [-c <name>=<value>]\n           [--exec-path[=<path>]] [--html-path] [--man-path] [--info-path]\n           [-p | --paginate | -P | --no-pager] [--no-replace-objects] [--bare]\n           [--git-dir=<path>] [--work-tree=<path>] [--namespace=<name>]\n           [--config-env=<name>=<envvar>] <command> [<args>]\n\nThese are common Git commands used in various situations:\n\nstart a working area (see also: git help tutorial)\n   clone     Clone a repository into a new directory\n   init      Create an empty Git repository or reinitialize an existing one\n\nwork on the current change (see also: git help everyday)\n   add       Add file contents to the index\n   mv        Move or rename a file, a directory, or a symlink\n   restore   Restore working tree files\n   rm        Remove files from the working tree and from the index\n\nexamine the history and state (see also: git help revisions)\n   bisect    Use binary search to find the commit that introduced a bug\n   diff      Show changes between commits, commit and working tree, etc\n   grep      Print lines matching a pattern\n   log       Show commit logs\n   show      Show various types of objects\n   status    Show the working tree status\n\ngrow, mark and tweak your common history\n   branch    List, create, or delete branches\n   commit    Record changes to the repository\n   merge     Join two or more development histories together\n   rebase    Reapply commits on top of another base tip\n   reset     Reset current HEAD to the specified state\n   switch    Switch branches\n   tag       Create, list, delete or verify a tag object signed with GPG\n\ncollaborate (see also: git help workflows)\n   fetch     Download objects and refs from another repository\n   pull      Fetch from and integrate with another repository or a local branch\n   push      Update remote refs along with associated objects\n\n'git help -a' and 'git help -g' list available subcommands and some\nconcept guides. See 'git help <command>' or 'git help <concept>'\nto read about a specific subcommand or concept.\nSee 'git help git' for an overview of the system.\n""
[0m14:47:58.330912 [debug] [MainThread]: STDERR: "b''"
[0m14:47:58.331935 [info ] [MainThread]:  - git [[32mOK found[0m]

[0m14:47:58.333316 [info ] [MainThread]: Connection:
[0m14:47:58.334412 [info ] [MainThread]:   server: sql-dev-weu-dai.database.windows.net
[0m14:47:58.335809 [info ] [MainThread]:   database: sqldb-dev-weu-dai
[0m14:47:58.336421 [info ] [MainThread]:   schema: dev_jesse
[0m14:47:58.337016 [info ] [MainThread]:   UID: usr_dbt
[0m14:47:58.338487 [info ] [MainThread]:   client_id: None
[0m14:47:58.338588 [info ] [MainThread]:   authentication: sql
[0m14:47:58.339846 [info ] [MainThread]:   encrypt: True
[0m14:47:58.341009 [info ] [MainThread]:   trust_cert: False
[0m14:47:58.342405 [info ] [MainThread]:   retries: 3
[0m14:47:58.343428 [info ] [MainThread]:   login_timeout: 0
[0m14:47:58.344262 [info ] [MainThread]:   query_timeout: 0
[0m14:47:58.345263 [info ] [MainThread]:   trace_flag: False
[0m14:47:58.345263 [info ] [MainThread]:   port: 1433
[0m14:47:58.347280 [info ] [MainThread]: Registered adapter: sqlserver=1.9.0
[0m14:47:58.940316 [debug] [MainThread]: Acquiring new sqlserver connection 'debug'
[0m14:47:58.941345 [debug] [MainThread]: Using sqlserver connection "debug"
[0m14:47:58.943063 [debug] [MainThread]: On debug: select 1 as id
[0m14:47:58.943707 [debug] [MainThread]: Opening a new connection, currently in state init
[0m14:47:58.944963 [debug] [MainThread]: sqlserver adapter: Using connection string: DRIVER={ODBC Driver 18 for SQL Server};SERVER=sql-dev-weu-dai.database.windows.net,1433;Database=sqldb-dev-weu-dai;UID={usr_dbt};PWD=***;encrypt=Yes;TrustServerCertificate=No;APP=dbt-sqlserver/1.9.0
[0m14:48:00.170579 [debug] [MainThread]: sqlserver adapter: Connected to db: sqldb-dev-weu-dai
[0m14:48:00.187766 [debug] [MainThread]: SQL status: OK in 1.000 seconds
[0m14:48:00.190651 [debug] [MainThread]: On debug: Close
[0m14:48:00.191652 [info ] [MainThread]:   Connection test: [[32mOK connection ok[0m]

[0m14:48:00.192659 [info ] [MainThread]: [31m1 check failed:[0m
[0m14:48:00.193732 [info ] [MainThread]: Project loading failed for the following reason:
 project path <C:\Users\Jesse Vanhaeren\OneDrive - Datashift\Documents\Projects\IDEWE\dbt-idewe\dbt_project.yml> not found

[0m14:48:00.196577 [debug] [MainThread]: Command `dbt debug` failed at 14:48:00.195864 after 7.23 seconds
[0m14:48:00.196577 [debug] [MainThread]: Connection 'debug' was properly closed.
[0m14:48:00.197867 [debug] [MainThread]: Sending event: {'category': 'dbt', 'action': 'invocation', 'label': 'end', 'context': [<snowplow_tracker.self_describing_json.SelfDescribingJson object at 0x000002AB7DDDC190>, <snowplow_tracker.self_describing_json.SelfDescribingJson object at 0x000002AB0480DD50>, <snowplow_tracker.self_describing_json.SelfDescribingJson object at 0x000002AB0480EC50>]}
[0m14:48:00.198578 [debug] [MainThread]: Flushing usage events
[0m14:48:00.762561 [debug] [MainThread]: An error was encountered while trying to flush usage events
[0m14:48:49.568940 [debug] [MainThread]: Sending event: {'category': 'dbt', 'action': 'invocation', 'label': 'start', 'context': [<snowplow_tracker.self_describing_json.SelfDescribingJson object at 0x00000177FEFAF390>, <snowplow_tracker.self_describing_json.SelfDescribingJson object at 0x00000177FEFB6F50>, <snowplow_tracker.self_describing_json.SelfDescribingJson object at 0x00000177FEFB5B50>]}


============================== 14:48:49.573794 | c63a2546-f961-45ba-b76c-ee521096abf2 ==============================
[0m14:48:49.573794 [info ] [MainThread]: Running with dbt=1.10.1
[0m14:48:49.575357 [debug] [MainThread]: running dbt with arguments {'printer_width': '80', 'indirect_selection': 'eager', 'log_cache_events': 'False', 'write_json': 'True', 'partial_parse': 'True', 'cache_selected_only': 'False', 'profiles_dir': 'C:\\Users\\Jesse Vanhaeren\\.dbt', 'fail_fast': 'False', 'warn_error': 'None', 'log_path': 'logs', 'version_check': 'True', 'debug': 'False', 'use_colors': 'True', 'use_experimental_parser': 'False', 'empty': 'None', 'quiet': 'False', 'no_print': 'None', 'warn_error_options': 'WarnErrorOptionsV2(error=[], warn=[], silence=[])', 'introspect': 'True', 'static_parser': 'True', 'invocation_command': 'dbt init', 'target_path': 'None', 'log_format': 'default', 'send_anonymous_usage_stats': 'True'}
[0m14:48:58.678223 [debug] [MainThread]: Starter project path: C:\Users\Jesse Vanhaeren\miniconda3\envs\dbt-idewe\Lib\site-packages\dbt\include\starter_project
[0m14:48:58.765064 [info ] [MainThread]: 
Your new dbt project "dbt_idewe" was created!

For more information on how to configure the profiles.yml file,
please consult the dbt documentation here:

  https://docs.getdbt.com/docs/configure-your-profile

One more thing:

Need help? Don't hesitate to reach out to us via GitHub issues or on Slack:

  https://community.getdbt.com/

Happy modeling!

[0m14:48:58.766986 [info ] [MainThread]: Setting up your profile.
[0m14:49:43.083219 [info ] [MainThread]: Profile dbt_idewe written to C:\Users\Jesse Vanhaeren\.dbt\profiles.yml using target's profile_template.yml and your supplied values. Run 'dbt debug' to validate the connection.
[0m14:49:43.085690 [debug] [MainThread]: Command `dbt init` succeeded at 14:49:43.085690 after 53.61 seconds
[0m14:49:43.088267 [debug] [MainThread]: Sending event: {'category': 'dbt', 'action': 'invocation', 'label': 'end', 'context': [<snowplow_tracker.self_describing_json.SelfDescribingJson object at 0x00000177F849C190>, <snowplow_tracker.self_describing_json.SelfDescribingJson object at 0x00000177F879AED0>, <snowplow_tracker.self_describing_json.SelfDescribingJson object at 0x00000177F8554ED0>]}
[0m14:49:43.089864 [debug] [MainThread]: Flushing usage events
[0m14:49:43.536103 [debug] [MainThread]: An error was encountered while trying to flush usage events
